18-Sep-2024 20:07:04.731 INFO [main] org.apache.catalina.startup.VersionLoggerListener.log Nombre de la versión del servidor: Apache Tomcat/9.0.94
18-Sep-2024 20:07:04.733 INFO [main] org.apache.catalina.startup.VersionLoggerListener.log Server built:                      Sep 5 2024 13:35:59 UTC
18-Sep-2024 20:07:04.734 INFO [main] org.apache.catalina.startup.VersionLoggerListener.log Número de versión de servidor:     9.0.94.0
18-Sep-2024 20:07:04.734 INFO [main] org.apache.catalina.startup.VersionLoggerListener.log OS Name:                           Windows 11
18-Sep-2024 20:07:04.734 INFO [main] org.apache.catalina.startup.VersionLoggerListener.log Versión de Systema Operativo:      10.0
18-Sep-2024 20:07:04.734 INFO [main] org.apache.catalina.startup.VersionLoggerListener.log Arquitectura:                      amd64
18-Sep-2024 20:07:04.734 INFO [main] org.apache.catalina.startup.VersionLoggerListener.log Java Home:                         C:\Users\Usuario\.jdks\openjdk-22.0.2
18-Sep-2024 20:07:04.734 INFO [main] org.apache.catalina.startup.VersionLoggerListener.log JVM Version:                       22.0.2+9-70
18-Sep-2024 20:07:04.734 INFO [main] org.apache.catalina.startup.VersionLoggerListener.log Vededor JVM:                       Oracle Corporation
18-Sep-2024 20:07:04.734 INFO [main] org.apache.catalina.startup.VersionLoggerListener.log CATALINA_BASE:                     C:\Users\Usuario\ABP1_Hotel_G4\ABP1_Hotel
18-Sep-2024 20:07:04.734 INFO [main] org.apache.catalina.startup.VersionLoggerListener.log CATALINA_HOME:                     C:\Users\Usuario\Programas\apache-tomcat-9.0.94
18-Sep-2024 20:07:04.739 INFO [main] org.apache.catalina.startup.VersionLoggerListener.log Command line argument:             --add-opens=java.base/java.lang=ALL-UNNAMED
18-Sep-2024 20:07:04.739 INFO [main] org.apache.catalina.startup.VersionLoggerListener.log Command line argument:             --add-opens=java.base/java.io=ALL-UNNAMED
18-Sep-2024 20:07:04.739 INFO [main] org.apache.catalina.startup.VersionLoggerListener.log Command line argument:             --add-opens=java.base/java.util=ALL-UNNAMED
18-Sep-2024 20:07:04.739 INFO [main] org.apache.catalina.startup.VersionLoggerListener.log Command line argument:             --add-opens=java.base/java.util.concurrent=ALL-UNNAMED
18-Sep-2024 20:07:04.740 INFO [main] org.apache.catalina.startup.VersionLoggerListener.log Command line argument:             --add-opens=java.rmi/sun.rmi.transport=ALL-UNNAMED
18-Sep-2024 20:07:04.740 INFO [main] org.apache.catalina.startup.VersionLoggerListener.log Command line argument:             -Dcatalina.home=C:\Users\Usuario\Programas\apache-tomcat-9.0.94
18-Sep-2024 20:07:04.740 INFO [main] org.apache.catalina.startup.VersionLoggerListener.log Command line argument:             -Dcatalina.base=C:\Users\Usuario\ABP1_Hotel_G4\ABP1_Hotel
18-Sep-2024 20:07:04.740 INFO [main] org.apache.catalina.startup.VersionLoggerListener.log Command line argument:             -Djava.io.tmpdir=C:\Users\Usuario\ABP1_Hotel_G4\ABP1_Hotel\temp
18-Sep-2024 20:07:04.740 INFO [main] org.apache.catalina.startup.VersionLoggerListener.log Command line argument:             -Djava.util.logging.config.file=C:\Users\Usuario\ABP1_Hotel_G4\ABP1_Hotel\conf\logging.properties
18-Sep-2024 20:07:04.740 INFO [main] org.apache.catalina.startup.VersionLoggerListener.log Command line argument:             -Djava.util.logging.manager=org.apache.juli.ClassLoaderLogManager
18-Sep-2024 20:07:04.740 INFO [main] org.apache.catalina.startup.VersionLoggerListener.log Command line argument:             -javaagent:C:\Users\Usuario\AppData\Local\Programs\IntelliJ IDEA Community Edition\lib\idea_rt.jar=62080:C:\Users\Usuario\AppData\Local\Programs\IntelliJ IDEA Community Edition\bin
18-Sep-2024 20:07:04.740 INFO [main] org.apache.catalina.startup.VersionLoggerListener.log Command line argument:             -Dfile.encoding=UTF-8
18-Sep-2024 20:07:04.740 INFO [main] org.apache.catalina.startup.VersionLoggerListener.log Command line argument:             -Dsun.stdout.encoding=UTF-8
18-Sep-2024 20:07:04.740 INFO [main] org.apache.catalina.startup.VersionLoggerListener.log Command line argument:             -Dsun.stderr.encoding=UTF-8
18-Sep-2024 20:07:04.743 INFO [main] org.apache.catalina.core.AprLifecycleListener.lifecycleEvent La biblioteca nativa de Apache Tomcat basada en ARP que permite un rendimiento óptimo en entornos de desarrollo no ha sido hallada en java.library.path: [C:\Users\Usuario\.jdks\openjdk-22.0.2\bin;C:\WINDOWS\Sun\Java\bin;C:\WINDOWS\system32;C:\WINDOWS;C:\WINDOWS\system32;C:\WINDOWS;C:\WINDOWS\System32\Wbem;C:\WINDOWS\System32\WindowsPowerShell\v1.0\;C:\WINDOWS\System32\OpenSSH\;C:\Program Files\nodejs\;C:\Program Files\Git\cmd;C:\Program Files\Docker\Docker\resources\bin;C:\Users\Usuario\AppData\Local\Microsoft\WindowsApps;C:\Users\Usuario\AppData\Local\JetBrains\Toolbox\scripts;;C:\Users\Usuario\AppData\Local\Programs\Microsoft VS Code\bin;C:\Users\Usuario\AppData\Roaming\npm;%USERPROFILE%\AppData\Local\Microsoft\WindowsApps;.]
18-Sep-2024 20:07:05.004 INFO [main] org.apache.coyote.AbstractProtocol.init Inicializando el manejador de protocolo ["http-nio-8080"]

18-Sep-2024 20:07:05.027 INFO [main] org.apache.catalina.startup.Catalina.load Server initialization in [479] milliseconds
18-Sep-2024 20:07:05.078 INFO [main] org.apache.catalina.core.StandardService.startInternal Arrancando servicio [Catalina]
18-Sep-2024 20:07:05.079 INFO [main] org.apache.catalina.core.StandardEngine.startInternal Starting Servlet engine: [Apache Tomcat/9.0.94]
18-Sep-2024 20:07:05.086 INFO [main] org.apache.catalina.startup.HostConfig.deployDescriptor Desplieque del descriptor de configuración [C:\Users\Usuario\ABP1_Hotel_G4\ABP1_Hotel\conf\Catalina\localhost\untitled.xml]
18-Sep-2024 20:07:05.837 INFO [main] org.apache.jasper.servlet.TldScanner.scanJars Al menos un JAR, que se ha explorado buscando TLDs, aún no contenía TLDs. Activar historial de depuración para este historiador para una completa lista de los JARs que fueron explorados y de los que nos se halló TLDs. Saltarse JARs no necesarios durante la exploración puede dar lugar a una mejora de tiempo significativa en el arranque y compilación de JSP .
18-Sep-2024 20:07:05.874 INFO [main] org.apache.catalina.startup.HostConfig.deployDescriptor Deployment of deployment descriptor [C:\Users\Usuario\ABP1_Hotel_G4\ABP1_Hotel\conf\Catalina\localhost\untitled.xml] has finished in [786] ms
18-Sep-2024 20:07:05.878 INFO [main] org.apache.coyote.AbstractProtocol.start Starting ProtocolHandler ["http-nio-8080"]
18-Sep-2024 20:07:05.894 INFO [main] org.apache.catalina.startup.Catalina.start Server startup in [865] milliseconds
18-Sep-2024 20:25:20.458 INFO [Thread-1] org.apache.coyote.AbstractProtocol.pause Pausing ProtocolHandler ["http-nio-8080"]
18-Sep-2024 20:25:20.460 INFO [Thread-1] org.apache.catalina.core.StandardService.stopInternal Parando servicio [Catalina]
18-Sep-2024 20:25:20.473 INFO [Thread-1] org.apache.coyote.AbstractProtocol.stop Stopping ProtocolHandler ["http-nio-8080"]
18-Sep-2024 20:25:20.490 INFO [Thread-1] org.apache.coyote.AbstractProtocol.destroy Destroying ProtocolHandler ["http-nio-8080"]
